This is pdfTeX, Version 3.141592653-2.6-1.40.24 (TeX Live 2022/Debian) (preloaded format=pdflatex 2025.1.24)  30 MAR 2025 20:49
entering extended mode
 \write18 enabled.
 %&-line parsing enabled.
**/home/dirk/tum/paper_workspace/cedric/Survey_RS-ML-FPGA/src/gen/table
(/home/dirk/tum/paper_workspace/cedric/Survey_RS-ML-FPGA/src/gen/table.tex
LaTeX2e <2022-11-01> patch level 1
L3 programming layer <2023-01-16>
(/usr/share/texlive/texmf-dist/tex/latex/base/article.cls
Document Class: article 2022/07/02 v1.4n Standard LaTeX document class
(/usr/share/texlive/texmf-dist/tex/latex/base/size10.clo
File: size10.clo 2022/07/02 v1.4n Standard LaTeX file (size option)
)
\c@part=\count185
\c@section=\count186
\c@subsection=\count187
\c@subsubsection=\count188
\c@paragraph=\count189
\c@subparagraph=\count190
\c@figure=\count191
\c@table=\count192
\abovecaptionskip=\skip48
\belowcaptionskip=\skip49
\bibindent=\dimen140
)
(/usr/share/texlive/texmf-dist/tex/latex/tools/array.sty
Package: array 2022/09/04 v2.5g Tabular extension package (FMi)
\col@sep=\dimen141
\ar@mcellbox=\box51
\extrarowheight=\dimen142
\NC@list=\toks16
\extratabsurround=\skip50
\backup@length=\skip51
\ar@cellbox=\box52
)
(/usr/share/texlive/texmf-dist/tex/latex/booktabs/booktabs.sty
Package: booktabs 2020/01/12 v1.61803398 Publication quality tables
\heavyrulewidth=\dimen143
\lightrulewidth=\dimen144
\cmidrulewidth=\dimen145
\belowrulesep=\dimen146
\belowbottomsep=\dimen147
\aboverulesep=\dimen148
\abovetopsep=\dimen149
\cmidrulesep=\dimen150
\cmidrulekern=\dimen151
\defaultaddspace=\dimen152
\@cmidla=\count193
\@cmidlb=\count194
\@aboverulesep=\dimen153
\@belowrulesep=\dimen154
\@thisruleclass=\count195
\@lastruleclass=\count196
\@thisrulewidth=\dimen155
)
(/usr/share/texlive/texmf-dist/tex/latex/multirow/multirow.sty
Package: multirow 2021/03/15 v2.8 Span multiple rows of a table
\multirow@colwidth=\skip52
\multirow@cntb=\count197
\multirow@dima=\skip53
\bigstrutjot=\dimen156
)
(/usr/share/texlive/texmf-dist/tex/latex/pdflscape/pdflscape.sty
Package: pdflscape 2022-10-27 v0.13 Display of landscape pages in PDF

(/usr/share/texlive/texmf-dist/tex/latex/pdflscape/pdflscape-nometadata.sty
Package: pdflscape-nometadata 2022-10-28 v0.13 Display of landscape pages in PD
F (HO)

(/usr/share/texlive/texmf-dist/tex/generic/iftex/iftex.sty
Package: iftex 2022/02/03 v1.0f TeX engine tests
)
(/usr/share/texlive/texmf-dist/tex/latex/graphics/lscape.sty
Package: lscape 2020/05/28 v3.02 Landscape Pages (DPC)

(/usr/share/texlive/texmf-dist/tex/latex/graphics/graphics.sty
Package: graphics 2022/03/10 v1.4e Standard LaTeX Graphics (DPC,SPQR)

(/usr/share/texlive/texmf-dist/tex/latex/graphics/trig.sty
Package: trig 2021/08/11 v1.11 sin cos tan (DPC)
)
(/usr/share/texlive/texmf-dist/tex/latex/graphics-cfg/graphics.cfg
File: graphics.cfg 2016/06/04 v1.11 sample graphics configuration
)
Package graphics Info: Driver file: pdftex.def on input line 107.

(/usr/share/texlive/texmf-dist/tex/latex/graphics-def/pdftex.def
File: pdftex.def 2022/09/22 v1.2b Graphics/color driver for pdftex
)))
Package pdflscape Info: Auto-detected driver: pdftex on input line 81.
))
(/usr/share/texlive/texmf-dist/tex/latex/amsfonts/amssymb.sty
Package: amssymb 2013/01/14 v3.01 AMS font symbols

(/usr/share/texlive/texmf-dist/tex/latex/amsfonts/amsfonts.sty
Package: amsfonts 2013/01/14 v3.01 Basic AMSFonts support
\@emptytoks=\toks17
\symAMSa=\mathgroup4
\symAMSb=\mathgroup5
LaTeX Font Info:    Redeclaring math symbol \hbar on input line 98.
LaTeX Font Info:    Overwriting math alphabet `\mathfrak' in version `bold'
(Font)                  U/euf/m/n --> U/euf/b/n on input line 106.
))
(/usr/share/texlive/texmf-dist/tex/latex/adjustbox/adjustbox.sty
Package: adjustbox 2022/10/17 v1.3a Adjusting TeX boxes (trim, clip, ...)

(/usr/share/texlive/texmf-dist/tex/latex/xkeyval/xkeyval.sty
Package: xkeyval 2022/06/16 v2.9 package option processing (HA)

(/usr/share/texlive/texmf-dist/tex/generic/xkeyval/xkeyval.tex
(/usr/share/texlive/texmf-dist/tex/generic/xkeyval/xkvutils.tex
\XKV@toks=\toks18
\XKV@tempa@toks=\toks19

(/usr/share/texlive/texmf-dist/tex/generic/xkeyval/keyval.tex))
\XKV@depth=\count198
File: xkeyval.tex 2014/12/03 v2.7a key=value parser (HA)
))
(/usr/share/texlive/texmf-dist/tex/latex/adjustbox/adjcalc.sty
Package: adjcalc 2012/05/16 v1.1 Provides advanced setlength with multiple back
-ends (calc, etex, pgfmath)
)
(/usr/share/texlive/texmf-dist/tex/latex/adjustbox/trimclip.sty
Package: trimclip 2020/08/19 v1.2 Trim and clip general TeX material

(/usr/share/texlive/texmf-dist/tex/latex/graphics/graphicx.sty
Package: graphicx 2021/09/16 v1.2d Enhanced LaTeX Graphics (DPC,SPQR)
\Gin@req@height=\dimen157
\Gin@req@width=\dimen158
)
(/usr/share/texlive/texmf-dist/tex/latex/collectbox/collectbox.sty
Package: collectbox 2022/10/17 v0.4c Collect macro arguments as boxes
\collectedbox=\box53
)
\tc@llx=\dimen159
\tc@lly=\dimen160
\tc@urx=\dimen161
\tc@ury=\dimen162
Package trimclip Info: Using driver 'tc-pdftex.def'.

(/usr/share/texlive/texmf-dist/tex/latex/adjustbox/tc-pdftex.def
File: tc-pdftex.def 2019/01/04 v2.2 Clipping driver for pdftex
))
\adjbox@Width=\dimen163
\adjbox@Height=\dimen164
\adjbox@Depth=\dimen165
\adjbox@Totalheight=\dimen166
\adjbox@pwidth=\dimen167
\adjbox@pheight=\dimen168
\adjbox@pdepth=\dimen169
\adjbox@ptotalheight=\dimen170

(/usr/share/texlive/texmf-dist/tex/latex/ifoddpage/ifoddpage.sty
Package: ifoddpage 2022/10/18 v1.2 Conditionals for odd/even page detection
\c@checkoddpage=\count199
)
(/usr/share/texlive/texmf-dist/tex/latex/varwidth/varwidth.sty
Package: varwidth 2009/03/30 ver 0.92;  Variable-width minipages
\@vwid@box=\box54
\sift@deathcycles=\count266
\@vwid@loff=\dimen171
\@vwid@roff=\dimen172
))
(/usr/share/texlive/texmf-dist/tex/latex/xcolor/xcolor.sty
Package: xcolor 2022/06/12 v2.14 LaTeX color extensions (UK)

(/usr/share/texlive/texmf-dist/tex/latex/graphics-cfg/color.cfg
File: color.cfg 2016/01/02 v1.6 sample color configuration
)
Package xcolor Info: Driver file: pdftex.def on input line 227.

(/usr/share/texlive/texmf-dist/tex/latex/colortbl/colortbl.sty
Package: colortbl 2022/06/20 v1.0f Color table columns (DPC)
\everycr=\toks20
\minrowclearance=\skip54
\rownum=\count267
)
(/usr/share/texlive/texmf-dist/tex/latex/graphics/mathcolor.ltx)
Package xcolor Info: Model `cmy' substituted by `cmy0' on input line 1353.
Package xcolor Info: Model `hsb' substituted by `rgb' on input line 1357.
Package xcolor Info: Model `RGB' extended on input line 1369.
Package xcolor Info: Model `HTML' substituted by `rgb' on input line 1371.
Package xcolor Info: Model `Hsb' substituted by `hsb' on input line 1372.
Package xcolor Info: Model `tHsb' substituted by `hsb' on input line 1373.
Package xcolor Info: Model `HSB' substituted by `hsb' on input line 1374.
Package xcolor Info: Model `Gray' substituted by `gray' on input line 1375.
Package xcolor Info: Model `wave' substituted by `hsb' on input line 1376.

(/usr/share/texlive/texmf-dist/tex/latex/graphics/dvipsnam.def
File: dvipsnam.def 2016/06/17 v3.0m Driver-dependent file (DPC,SPQR)
))
(/usr/share/texlive/texmf-dist/tex/latex/l3backend/l3backend-pdftex.def
File: l3backend-pdftex.def 2023-01-16 L3 backend support: PDF output (pdfTeX)
\l__color_backend_stack_int=\count268
\l__pdf_internal_box=\box55
)
(/home/dirk/tum/paper_workspace/cedric/Survey_RS-ML-FPGA/src/gen/table.aux)
\openout1 = `table.aux'.

LaTeX Font Info:    Checking defaults for OML/cmm/m/it on input line 10.
LaTeX Font Info:    ... okay on input line 10.
LaTeX Font Info:    Checking defaults for OMS/cmsy/m/n on input line 10.
LaTeX Font Info:    ... okay on input line 10.
LaTeX Font Info:    Checking defaults for OT1/cmr/m/n on input line 10.
LaTeX Font Info:    ... okay on input line 10.
LaTeX Font Info:    Checking defaults for T1/cmr/m/n on input line 10.
LaTeX Font Info:    ... okay on input line 10.
LaTeX Font Info:    Checking defaults for TS1/cmr/m/n on input line 10.
LaTeX Font Info:    ... okay on input line 10.
LaTeX Font Info:    Checking defaults for OMX/cmex/m/n on input line 10.
LaTeX Font Info:    ... okay on input line 10.
LaTeX Font Info:    Checking defaults for U/cmr/m/n on input line 10.
LaTeX Font Info:    ... okay on input line 10.

(/usr/share/texlive/texmf-dist/tex/context/base/mkii/supp-pdf.mkii
[Loading MPS to PDF converter (version 2006.09.02).]
\scratchcounter=\count269
\scratchdimen=\dimen173
\scratchbox=\box56
\nofMPsegments=\count270
\nofMParguments=\count271
\everyMPshowfont=\toks21
\MPscratchCnt=\count272
\MPscratchDim=\dimen174
\MPnumerator=\count273
\makeMPintoPDFobject=\count274
\everyMPtoPDFconversion=\toks22
) (/usr/share/texlive/texmf-dist/tex/latex/epstopdf-pkg/epstopdf-base.sty
Package: epstopdf-base 2020-01-24 v2.11 Base part for package epstopdf
Package epstopdf-base Info: Redefining graphics rule for `.eps' on input line 4
85.

(/usr/share/texlive/texmf-dist/tex/latex/latexconfig/epstopdf-sys.cfg
File: epstopdf-sys.cfg 2010/07/13 v1.3 Configuration of (r)epstopdf for TeX Liv
e
))
LaTeX Font Info:    Trying to load font information for U+msa on input line 19.


(/usr/share/texlive/texmf-dist/tex/latex/amsfonts/umsa.fd
File: umsa.fd 2013/01/14 v3.01 AMS symbols A
)
LaTeX Font Info:    Trying to load font information for U+msb on input line 19.


(/usr/share/texlive/texmf-dist/tex/latex/amsfonts/umsb.fd
File: umsb.fd 2013/01/14 v3.01 AMS symbols B
)
Overfull \hbox (5.77068pt too wide) in paragraph at lines 23--23
[]|\OT1/cmr/bx/n/10 Mem
 []


Overfull \hbox (5.48595pt too wide) in paragraph at lines 23--23
\OT1/cmr/bx/n/10 [MB]| 
 []


Overfull \hbox (6.41643pt too wide) in paragraph at lines 23--23
[]|\OT1/cmr/bx/n/10 Compl.
 []


Overfull \hbox (8.31918pt too wide) in paragraph at lines 23--23
\OT1/cmr/bx/n/10 [GOPS]| 
 []


Overfull \hbox (3.06929pt too wide) in paragraph at lines 23--23
[]|\OT1/cmr/bx/n/10 DSP
 []


Underfull \hbox (badness 10000) in paragraph at lines 23--23
[]|\OT1/cmr/bx/n/10 BRAM
 []


Underfull \hbox (badness 10000) in paragraph at lines 23--23
[]|\OT1/cmr/bx/n/10 Freq.
 []


Overfull \hbox (1.41646pt too wide) in paragraph at lines 23--23
\OT1/cmr/bx/n/10 [MHz]| 
 []


Underfull \hbox (badness 10000) in paragraph at lines 23--23
[]|\OT1/cmr/bx/n/10 Comp.
 []


Overfull \hbox (7.21637pt too wide) in paragraph at lines 23--23
\OT1/cmr/bx/n/10 [GOP/s]| 
 []


Overfull \hbox (4.9789pt too wide) in paragraph at lines 23--23
[]|\OT1/cmr/bx/n/10 Latency| 
 []


Overfull \hbox (0.96509pt too wide) in paragraph at lines 23--24
[]|\OT1/cmr/bx/n/10 Power
 []


LaTeX Warning: Citation `ieracitanoExplainableEmbeddedNeural2024' on page 1 und
efined on input line 28.


LaTeX Warning: Citation `rapuanoFPGAbasedHardwareAccelerator2021a' on page 1 un
defined on input line 43.


Overfull \hbox (2.77782pt too wide) in paragraph at lines 46--47
[]|[]| 
 []


Overfull \hbox (3.38893pt too wide) in paragraph at lines 54--55
[]|[]| 
 []


LaTeX Warning: Citation `vitoloRealTimeOnboardSatellite2024' on page 1 undefine
d on input line 58.


LaTeX Warning: Citation `yangLightweightDetectionMethod2023' on page 1 undefine
d on input line 73.


Overfull \hbox (2.77782pt too wide) in paragraph at lines 76--77
[]|[]| 
 []


LaTeX Warning: Citation `zhangEfficientFPGABasedImplementation2020' on page 1 u
ndefined on input line 88.


Overfull \hbox (7.77783pt too wide) in paragraph at lines 91--92
[]|[]| 
 []


Overfull \hbox (8.38895pt too wide) in paragraph at lines 99--100
[]|[]| 
 []


LaTeX Warning: Citation `zhangExtremelyPipelinedFPGAbased2023a' on page 1 undef
ined on input line 103.


Overfull \hbox (0.62503pt too wide) in paragraph at lines 108--109
[]|[]| 
 []


Overfull \hbox (2.77783pt too wide) in paragraph at lines 115--116
[]|[]| 
 []


LaTeX Warning: Citation `heConfigurable2D3D2023a' on page 1 undefined on input 
line 119.


Overfull \hbox (1.94449pt too wide) in paragraph at lines 124--125
[]|[]| 
 []


Overfull \hbox (8.38895pt too wide) in paragraph at lines 130--131
[]|[]| 
 []


Overfull \hbox (1.94449pt too wide) in paragraph at lines 136--137
[]|[]| 
 []


Overfull \hbox (3.38893pt too wide) in paragraph at lines 142--143
[]|[]| 
 []


Overfull \hbox (2.77782pt too wide) in paragraph at lines 146--147
[]|[]| 
 []


Overfull \hbox (11.94452pt too wide) in paragraph at lines 148--149
[]|[]| 
 []


Overfull \hbox (3.38893pt too wide) in paragraph at lines 154--155
[]|[]| 
 []


LaTeX Warning: Citation `liEfficientObjectDetection2019a' on page 1 undefined o
n input line 158.


Overfull \hbox (3.38893pt too wide) in paragraph at lines 169--170
[]|[]| 
 []


LaTeX Warning: Citation `liNovelCNNBasedAP2DNet2020' on page 1 undefined on inp
ut line 173.


LaTeX Warning: Citation `niAlgorithmHardwareCoOptimization2023' on page 1 undef
ined on input line 188.


Overfull \hbox (2.77782pt too wide) in paragraph at lines 191--192
[]|[]| 
 []


Overfull \hbox (5.62505pt too wide) in paragraph at lines 193--194
[]|[]| 
 []


Overfull \hbox (3.38893pt too wide) in paragraph at lines 199--200
[]|[]| 
 []


Overfull \hbox (2.77782pt too wide) in paragraph at lines 203--204
[]|[]| 
 []


Overfull \hbox (2.77782pt too wide) in paragraph at lines 215--216
[]|[]| 
 []


Overfull \hbox (0.62503pt too wide) in paragraph at lines 217--218
[]|[]| 
 []


LaTeX Warning: Citation `weiFPGABasedHybridTypeImplementation2019' on page 1 un
defined on input line 227.


LaTeX Warning: Citation `yanAutomaticDeploymentConvolutional2022a' on page 1 un
defined on input line 254.


Overfull \hbox (2.77782pt too wide) in paragraph at lines 257--258
[]|[]| 
 []


Overfull \hbox (0.62503pt too wide) in paragraph at lines 259--260
[]|[]| 
 []


Overfull \hbox (0.61115pt too wide) in paragraph at lines 265--266
[]|[]| 
 []


Overfull \hbox (2.77782pt too wide) in paragraph at lines 269--270
[]|[]| 
 []


Overfull \hbox (5.62505pt too wide) in paragraph at lines 271--272
[]|[]| 
 []


Overfull \hbox (5.61116pt too wide) in paragraph at lines 277--278
[]|[]| 
 []


LaTeX Warning: Citation `zhangFPGAImplementationCNNbased2021a' on page 1 undefi
ned on input line 281.


Overfull \hbox (0.61115pt too wide) in paragraph at lines 292--293
[]|[]| 
 []


LaTeX Warning: Citation `fraczekEmbeddedVisionSystem2018' on page 1 undefined o
n input line 298.


Overfull \hbox (0.61115pt too wide) in paragraph at lines 309--310
[]|[]| 
 []


LaTeX Warning: Citation `martinsRealtimeSVMbasedHardware2024' on page 1 undefin
ed on input line 313.


Overfull \hbox (3.38893pt too wide) in paragraph at lines 324--325
[]|[]| 
 []


LaTeX Warning: Citation `matos-carvalhoStaticDynamicAlgorithms2019' on page 1 u
ndefined on input line 328.


LaTeX Warning: Citation `ratnakumarHighSpeedRoller2021' on page 1 undefined on 
input line 343.


LaTeX Warning: Citation `shibiOnboardTargetDetection2021a' on page 1 undefined 
on input line 358.


LaTeX Warning: Citation `yahiaouiParallelizationFuzzyARTMAP2017a' on page 1 und
efined on input line 373.


Overfull \hbox (0.61115pt too wide) in paragraph at lines 384--385
[]|[]| 
 []


Overfull \hbox (0.61115pt too wide) in paragraph at lines 396--397
[]|[]| 
 []


LaTeX Warning: Citation `chellaswamyFPGAbasedRemoteTarget2024' on page 1 undefi
ned on input line 402.


LaTeX Warning: Citation `kimOnOrbitAICloud2024' on page 1 undefined on input li
ne 420.


Overfull \hbox (0.61115pt too wide) in paragraph at lines 431--432
[]|[]| 
 []


LaTeX Warning: Citation `wangAccelerationImplementationConvolutional2019' on pa
ge 1 undefined on input line 435.


LaTeX Warning: Citation `yangAlgorithmHardwareCodesign2022' on page 1 undefined
 on input line 450.


LaTeX Warning: Citation `wuDesignImplementationRemote2021' on page 1 undefined 
on input line 490.


LaTeX Warning: Citation `nerisFPGABasedImplementationCNN2022a' on page 1 undefi
ned on input line 506.


LaTeX Warning: Citation `boyleHighlevelFPGADesign2023a' on page 1 undefined on 
input line 535.


LaTeX Warning: Citation `zhangAcceleratingGNNbasedSAR2023' on page 1 undefined 
on input line 552.


LaTeX Warning: Citation `zhangAccurateLowlatencyEfficient2022a' on page 1 undef
ined on input line 567.


Overfull \hbox (3.38893pt too wide) in paragraph at lines 578--579
[]|[]| 
 []


LaTeX Warning: Citation `hashimotoShipClassificationSAR2019a' on page 1 undefin
ed on input line 585.


LaTeX Warning: Citation `myojinDetectingUncertainBNN2020' on page 1 undefined o
n input line 600.


Overfull \hbox (3.38893pt too wide) in paragraph at lines 611--612
[]|[]| 
 []


LaTeX Warning: Citation `pitonakCloudSatNet1FPGABasedHardwareAccelerated2022' o
n page 1 undefined on input line 615.


LaTeX Warning: Citation `huangEdgeTrustworthyAI2024' on page 1 undefined on inp
ut line 645.


Overfull \hbox (0.62503pt too wide) in paragraph at lines 650--651
[]|[]| 
 []


Overfull \hbox (3.38893pt too wide) in paragraph at lines 656--657
[]|[]| 
 []


LaTeX Warning: Citation `liEdgeRealtimeObject2023a' on page 1 undefined on inpu
t line 660.


Overfull \hbox (2.77782pt too wide) in paragraph at lines 663--664
[]|[]| 
 []


LaTeX Warning: Citation `nguyenFPGASoCImplementationYOLOv42024' on page 1 undef
ined on input line 675.


Overfull \hbox (0.62503pt too wide) in paragraph at lines 680--681
[]|[]| 
 []


Overfull \hbox (8.38895pt too wide) in paragraph at lines 686--687
[]|[]| 
 []


Overfull \hbox (2.77782pt too wide) in paragraph at lines 690--691
[]|[]| 
 []


Overfull \hbox (0.62503pt too wide) in paragraph at lines 692--693
[]|[]| 
 []


Overfull \hbox (3.38893pt too wide) in paragraph at lines 698--699
[]|[]| 
 []


LaTeX Warning: Citation `sabogalMethodologyEvaluatingAnalyzing2021a' on page 1 
undefined on input line 702.


Overfull \hbox (0.62503pt too wide) in paragraph at lines 731--732
[]|[]| 
 []


Overfull \hbox (0.62503pt too wide) in paragraph at lines 743--744
[]|[]| 
 []


LaTeX Warning: Citation `upadhyayDesignImplementationCNNbased2024' on page 1 un
defined on input line 753.


Overfull \hbox (2.77783pt too wide) in paragraph at lines 777--778
[]|[]| 
 []


LaTeX Warning: Citation `yuImprovedLightweightDeep2024' on page 1 undefined on 
input line 780.


LaTeX Warning: Citation `zhaoHardwareAccelerationSatellite2023a' on page 1 unde
fined on input line 795.


LaTeX Warning: Citation `gargAircraftDetectionSatellite2024' on page 1 undefine
d on input line 813.


LaTeX Warning: Citation `gyaneshwarRealtimeSCSUP2022' on page 1 undefined on in
put line 830.


Overfull \hbox (0.61115pt too wide) in paragraph at lines 841--842
[]|[]| 
 []


Overfull \hbox (0.61115pt too wide) in paragraph at lines 853--854
[]|[]| 
 []


Overfull \hbox (0.61115pt too wide) in paragraph at lines 865--866
[]|[]| 
 []


LaTeX Warning: Citation `bahlLowpowerNeuralNetworks2019a' on page 1 undefined o
n input line 872.


Overfull \hbox (2.77782pt too wide) in paragraph at lines 875--876
[]|[]| 
 []


LaTeX Warning: Citation `chenHardwareImplementationConvolutional2020' on page 1
 undefined on input line 890.


LaTeX Warning: Citation `suhAlgorithmHardwareCoOptimizationEnergyEfficient2021'
 on page 1 undefined on input line 906.


Overfull \hbox (0.62503pt too wide) in paragraph at lines 923--924
[]|[]| 
 []


Overfull \hbox (0.62503pt too wide) in paragraph at lines 935--936
[]|[]| 
 []


LaTeX Warning: Citation `wangFastDetectionObstacle2024' on page 1 undefined on 
input line 946.


LaTeX Warning: Citation `hammoudArtificialNeuralNetworksBased2022a' on page 1 u
ndefined on input line 963.


LaTeX Warning: Citation `torresCombinedWeightlessNeural2020' on page 1 undefine
d on input line 979.


Overfull \hbox (99.46683pt too wide) in paragraph at lines 17--996
 [] 
 []

[1{/var/lib/texmf/fonts/map/pdftex/updmap/pdftex.map}]
(/home/dirk/tum/paper_workspace/cedric/Survey_RS-ML-FPGA/src/gen/table.aux)

LaTeX Warning: There were undefined references.

 ) 
Here is how much of TeX's memory you used:
 3931 strings out of 476091
 64038 string characters out of 5794081
 2298330 words of memory out of 5000000
 24265 multiletter control sequences out of 15000+600000
 514294 words of font info for 41 fonts, out of 8000000 for 9000
 1141 hyphenation exceptions out of 8191
 89i,13n,92p,413b,382s stack positions out of 10000i,1000n,20000p,200000b,200000s
</usr/share/texlive/texmf-dist/fonts/type1/public/amsfonts/cm/cmbx10.pfb></us
r/share/texlive/texmf-dist/fonts/type1/public/amsfonts/cm/cmr10.pfb>
Output written on /home/dirk/tum/paper_workspace/cedric/Survey_RS-ML-FPGA/src/g
en/table.pdf (1 page, 47593 bytes).
PDF statistics:
 18 PDF objects out of 1000 (max. 8388607)
 10 compressed objects within 1 object stream
 0 named destinations out of 1000 (max. 500000)
 1 words of extra memory for PDF output out of 10000 (max. 10000000)

